0 info it worked if it ends with ok
1 verbose cli [ '/Users/padraig/.meteor/packages/meteor-tool/.1.4.2_3.1rd9djy++os.osx.x86_64+web.browser+web.cordova/mt-os.osx.x86_64/dev_bundle/bin/node',
1 verbose cli   '/Users/padraig/.meteor/packages/meteor-tool/.1.4.2_3.1rd9djy++os.osx.x86_64+web.browser+web.cordova/mt-os.osx.x86_64/dev_bundle/bin/npm',
1 verbose cli   'run',
1 verbose cli   'lint' ]
2 info using npm@3.10.9
3 info using node@v4.6.2
4 verbose run-script [ 'prelint', 'lint', 'postlint' ]
5 info lifecycle meteor-notes@~prelint: meteor-notes@
6 silly lifecycle meteor-notes@~prelint: no script for prelint, continuing
7 info lifecycle meteor-notes@~lint: meteor-notes@
8 verbose lifecycle meteor-notes@~lint: unsafe-perm in lifecycle true
9 verbose lifecycle meteor-notes@~lint: PATH: /Users/padraig/.meteor/packages/meteor-tool/.1.4.2_3.1rd9djy++os.osx.x86_64+web.browser+web.cordova/mt-os.osx.x86_64/dev_bundle/lib/node_modules/npm/bin/node-gyp-bin:/Users/padraig/Projects/Challenges/meteor-notes/node_modules/.bin:/Users/padraig/.meteor/packages/meteor-tool/.1.4.2_3.1rd9djy++os.osx.x86_64+web.browser+web.cordova/mt-os.osx.x86_64/dev_bundle/bin:/Users/padraig/.meteor/packages/meteor-tool/.1.4.2_3.1rd9djy++os.osx.x86_64+web.browser+web.cordova/mt-os.osx.x86_64/dev_bundle/lib/node_modules/.bin:/Users/padraig/.rvm/gems/ruby-2.3.1/bin:/Users/padraig/.rvm/gems/ruby-2.3.1@global/bin:/Users/padraig/.rvm/rubies/ruby-2.3.1/bin:/Users/padraig/Library/Android/sdk/platform-tools:/usr/local/sbin:/Users/padraig/Projects/go/bin:/usr/local/bin:/usr/local/bin:/usr/bin:/bin:/usr/sbin:/sbin:/opt/X11/bin:/usr/local/go/bin:/Users/padraig/.rvm/bin:/Users/padraig/.rvm/bin:/Users/padraig/Projects/go/bin
10 verbose lifecycle meteor-notes@~lint: CWD: /Users/padraig/Projects/Challenges/meteor-notes
11 silly lifecycle meteor-notes@~lint: Args: [ '-c', 'eslint .' ]
12 silly lifecycle meteor-notes@~lint: Returned: code: 1  signal: null
13 info lifecycle meteor-notes@~lint: Failed to exec lint script
14 verbose stack Error: meteor-notes@ lint: `eslint .`
14 verbose stack Exit status 1
14 verbose stack     at EventEmitter.<anonymous> (/Users/padraig/.meteor/packages/meteor-tool/.1.4.2_3.1rd9djy++os.osx.x86_64+web.browser+web.cordova/mt-os.osx.x86_64/dev_bundle/lib/node_modules/npm/lib/utils/lifecycle.js:255:16)
14 verbose stack     at emitTwo (events.js:87:13)
14 verbose stack     at EventEmitter.emit (events.js:172:7)
14 verbose stack     at ChildProcess.<anonymous> (/Users/padraig/.meteor/packages/meteor-tool/.1.4.2_3.1rd9djy++os.osx.x86_64+web.browser+web.cordova/mt-os.osx.x86_64/dev_bundle/lib/node_modules/npm/lib/utils/spawn.js:40:14)
14 verbose stack     at emitTwo (events.js:87:13)
14 verbose stack     at ChildProcess.emit (events.js:172:7)
14 verbose stack     at maybeClose (internal/child_process.js:854:16)
14 verbose stack     at Process.ChildProcess._handle.onexit (internal/child_process.js:222:5)
15 verbose pkgid meteor-notes@
16 verbose cwd /Users/padraig/Projects/Challenges/meteor-notes/imports/ui
17 error Darwin 15.5.0
18 error argv "/Users/padraig/.meteor/packages/meteor-tool/.1.4.2_3.1rd9djy++os.osx.x86_64+web.browser+web.cordova/mt-os.osx.x86_64/dev_bundle/bin/node" "/Users/padraig/.meteor/packages/meteor-tool/.1.4.2_3.1rd9djy++os.osx.x86_64+web.browser+web.cordova/mt-os.osx.x86_64/dev_bundle/bin/npm" "run" "lint"
19 error node v4.6.2
20 error npm  v3.10.9
21 error code ELIFECYCLE
22 error meteor-notes@ lint: `eslint .`
22 error Exit status 1
23 error Failed at the meteor-notes@ lint script 'eslint .'.
23 error Make sure you have the latest version of node.js and npm installed.
23 error If you do, this is most likely a problem with the meteor-notes package,
23 error not with npm itself.
23 error Tell the author that this fails on your system:
23 error     eslint .
23 error You can get information on how to open an issue for this project with:
23 error     npm bugs meteor-notes
23 error Or if that isn't available, you can get their info via:
23 error     npm owner ls meteor-notes
23 error There is likely additional logging output above.
24 verbose exit [ 1, true ]
